<?xml version="1.0" encoding="UTF-8"?>
<!-- Generated by org.testng.reporters.JUnitXMLReporter -->
<testsuite ignored="0" hostname="Vinayak" failures="1" tests="5" name="Manager Login Tests" time="16.467" errors="0" timestamp="2026-05-21T00:15:12 IST">
  <testcase classname="com.orangehrm.testcases.LoginTest" name="loginBankManager" time="0.172"/>
  <testcase classname="com.orangehrm.testcases.AddCustomerTest" name="addCustomer" time="1.036"/>
  <testcase classname="com.orangehrm.testcases.AddCustomerTest" name="addCustomer" time="0.772"/>
  <testcase classname="com.orangehrm.testcases.AddCustomerTest" name="addCustomer" time="0.791"/>
  <testcase classname="com.orangehrm.testcases.AddCustomerTest" name="failingTest" time="0.001">
    <failure type="java.lang.AssertionError" message="Good Bye">
      <![CDATA[java.lang.AssertionError: Good Bye
at com.orangehrm.testcases.AddCustomerTest.failingTest(AddCustomerTest.java:30)
at java.base/java.util.ArrayList.forEach(ArrayList.java:1596)
at com.intellij.rt.testng.IDEARemoteTestNG.run(IDEARemoteTestNG.java:65)
at com.intellij.rt.testng.RemoteTestNGStarter.main(RemoteTestNGStarter.java:105)
... Removed 23 stack frames]]>
    </failure>
  </testcase> <!-- failingTest -->
</testsuite> <!-- Manager Login Tests -->
