<?xml version="1.0" encoding="UTF-8"?>
<testsuite name="Manager Login Tests"
           tests="6"
           failures="1"
           errors="0"
           skipped="0"
           time="9.387">
  <properties />
            <testcase name="openAccount" time="5.674" classname="com.orangehrm.testcases.OpenAccountTest">
                <failure type="org.openqa.selenium.TimeoutException"
                  message="Expected condition failed: waiting for alert to be present (tried for 5 second(s) with 500 milliseconds interval)
Build info: version: &apos;4.39.0&apos;, revision: &apos;126f156aee&apos;
System info: os.name: &apos;Windows 11&apos;, os.arch: &apos;amd64&apos;, os.version: &apos;10.0&apos;, java.version: &apos;21.0.2&apos;
Driver info: org.openqa.selenium.chrome.ChromeDriver
Capabilities {acceptInsecureCerts: false, browserName: chrome, browserVersion: 148.0.7778.168, chrome: {chromedriverVersion: 148.0.7778.178 (d096af1c9e9..., userDataDir: C:\Users\vinay\AppData\Loca...}, fedcm:accounts: true, goog:chromeOptions: {debuggerAddress: localhost:52113}, goog:processID: 15416, networkConnectionEnabled: false, pageLoadStrategy: normal, platformName: windows, proxy: Proxy(), se:cdp: ws://localhost:52113/devtoo..., se:cdpVersion: 148.0.7778.168, setWindowRect: true, strictFileInteractability: false, timeouts: {implicit: 0, pageLoad: 300000, script: 30000}, unhandledPromptBehavior: dismiss and notify, webauthn:extension:credBlob: true, webauthn:extension:largeBlob: true, webauthn:extension:minPinLength: true, webauthn:extension:prf: true, webauthn:virtualAuthenticators: true}
Session ID: 626a8d626c3edd47b841d1a5b3166a1a"
              >
<![CDATA[org.openqa.selenium.TimeoutException: Expected condition failed: waiting for alert to be present (tried for 5 second(s) with 500 milliseconds interval)
Build info: version: '4.39.0', revision: '126f156aee'
System info: os.name: 'Windows 11', os.arch: 'amd64', os.version: '10.0', java.version: '21.0.2'
Driver info: org.openqa.selenium.chrome.ChromeDriver
Capabilities {acceptInsecureCerts: false, browserName: chrome, browserVersion: 148.0.7778.168, chrome: {chromedriverVersion: 148.0.7778.178 (d096af1c9e9..., userDataDir: C:\Users\vinay\AppData\Loca...}, fedcm:accounts: true, goog:chromeOptions: {debuggerAddress: localhost:52113}, goog:processID: 15416, networkConnectionEnabled: false, pageLoadStrategy: normal, platformName: windows, proxy: Proxy(), se:cdp: ws://localhost:52113/devtoo..., se:cdpVersion: 148.0.7778.168, setWindowRect: true, strictFileInteractability: false, timeouts: {implicit: 0, pageLoad: 300000, script: 30000}, unhandledPromptBehavior: dismiss and notify, webauthn:extension:credBlob: true, webauthn:extension:largeBlob: true, webauthn:extension:minPinLength: true, webauthn:extension:prf: true, webauthn:virtualAuthenticators: true}
Session ID: 626a8d626c3edd47b841d1a5b3166a1a
  org.openqa.selenium.support.ui.WebDriverWait.timeoutException(WebDriverWait.java:84)
  org.openqa.selenium.support.ui.FluentWait.until(FluentWait.java:228)
  com.orangehrm.testcases.OpenAccountTest.openAccount(OpenAccountTest.java:31)
  java.base/jdk.internal.reflect.DirectMethodHandleAccessor.invoke(DirectMethodHandleAccessor.java:103)
  java.base/java.lang.reflect.Method.invoke(Method.java:580)
  org.testng.internal.invokers.MethodInvocationHelper.invokeMethod(MethodInvocationHelper.java:141)
  org.testng.internal.invokers.TestInvoker.invokeMethod(TestInvoker.java:697)
  org.testng.internal.invokers.TestInvoker.invokeTestMethod(TestInvoker.java:230)
  org.testng.internal.invokers.MethodRunner.runInSequence(MethodRunner.java:63)
  org.testng.internal.invokers.TestInvoker$MethodInvocationAgent.invoke(TestInvoker.java:1005)
  org.testng.internal.invokers.TestInvoker.invokeTestMethods(TestInvoker.java:203)
  org.testng.internal.invokers.TestMethodWorker.invokeTestMethods(TestMethodWorker.java:154)
  org.testng.internal.invokers.TestMethodWorker.run(TestMethodWorker.java:134)
  java.base/java.util.ArrayList.forEach(ArrayList.java:1596)
  org.testng.TestRunner.privateRun(TestRunner.java:744)
  org.testng.TestRunner.run(TestRunner.java:616)
  org.testng.SuiteRunner.runTest(SuiteRunner.java:421)
  org.testng.SuiteRunner.runSequentially(SuiteRunner.java:413)
  org.testng.SuiteRunner.privateRun(SuiteRunner.java:373)
  org.testng.SuiteRunner.run(SuiteRunner.java:312)
  org.testng.SuiteRunnerWorker.runSuite(SuiteRunnerWorker.java:52)
  org.testng.SuiteRunnerWorker.run(SuiteRunnerWorker.java:95)
  org.testng.TestNG.runSuitesSequentially(TestNG.java:1274)
  org.testng.TestNG.runSuitesLocally(TestNG.java:1208)
  org.testng.TestNG.runSuites(TestNG.java:1112)
  org.testng.TestNG.run(TestNG.java:1079)
  com.intellij.rt.testng.IDEARemoteTestNG.run(IDEARemoteTestNG.java:65)
  com.intellij.rt.testng.RemoteTestNGStarter.main(RemoteTestNGStarter.java:105)
]]>
      </failure>

          </testcase>
  
  
            <testcase name="openAccount" time="0.734" classname="com.orangehrm.testcases.OpenAccountTest" />
                <testcase name="openAccount" time="0.679" classname="com.orangehrm.testcases.OpenAccountTest" />
                <testcase name="openAccount" time="0.680" classname="com.orangehrm.testcases.OpenAccountTest" />
                <testcase name="openAccount" time="0.869" classname="com.orangehrm.testcases.OpenAccountTest" />
                <testcase name="openAccount" time="0.751" classname="com.orangehrm.testcases.OpenAccountTest" />
      
</testsuite>
