<?xml version="1.0" encoding="UTF-8"?>
<testng-results ignored="0" total="5" passed="4" failed="1" skipped="0">
  <reporter-output>
    <line>
      <![CDATA[Capturing Screenshot]]>
    </line>
    <line>
      <![CDATA[<a target='_blank' href="C:\Users\vinay\OneDrive\Pictures\Screenshots\abcd.png">Screenshot</a>]]>
    </line>
  </reporter-output>
  <suite started-at="2026-05-21T00:14:55 IST" name=" Data Driven OrangeHRM Suite" finished-at="2026-05-21T00:15:12 IST" duration-ms="16467">
    <groups>
    </groups>
    <test started-at="2026-05-21T00:14:55 IST" name="Manager Login Tests" finished-at="2026-05-21T00:15:12 IST" duration-ms="16467">
      <class name="com.orangehrm.testcases.LoginTest">
        <test-method is-config="true" signature="setUp()[pri:0, instance:com.orangehrm.testcases.LoginTest@62fe6067]" started-at="2026-05-21T00:14:55 IST" name="setUp" finished-at="2026-05-21T00:14:58 IST" duration-ms="3168" status="PASS">
          <reporter-output>
          </reporter-output>
        </test-method> <!-- setUp -->
        <test-method signature="loginBankManager()[pri:0, instance:com.orangehrm.testcases.LoginTest@62fe6067]" started-at="2026-05-21T00:14:58 IST" name="loginBankManager" finished-at="2026-05-21T00:14:59 IST" duration-ms="172" status="PASS">
          <reporter-output>
          </reporter-output>
        </test-method> <!-- loginBankManager -->
        <test-method is-config="true" signature="tearDown()[pri:0, instance:com.orangehrm.testcases.LoginTest@62fe6067]" started-at="2026-05-21T00:14:59 IST" name="tearDown" finished-at="2026-05-21T00:14:59 IST" duration-ms="228" status="PASS">
          <reporter-output>
          </reporter-output>
        </test-method> <!-- tearDown -->
      </class> <!-- com.orangehrm.testcases.LoginTest -->
      <class name="com.orangehrm.testcases.AddCustomerTest">
        <test-method is-config="true" signature="setUp()[pri:0, instance:com.orangehrm.testcases.AddCustomerTest@773f7880]" started-at="2026-05-21T00:14:59 IST" name="setUp" finished-at="2026-05-21T00:15:01 IST" duration-ms="2060" status="PASS">
          <reporter-output>
          </reporter-output>
        </test-method> <!-- setUp -->
        <test-method signature="addCustomer(java.lang.String,java.lang.String,java.lang.String,java.lang.String)[pri:0, instance:com.orangehrm.testcases.AddCustomerTest@773f7880]" started-at="2026-05-21T00:15:01 IST" name="addCustomer" data-provider="getData" finished-at="2026-05-21T00:15:02 IST" duration-ms="1036" status="PASS">
          <params>
            <param index="0">
              <value>
                <![CDATA[Vinayak]]>
              </value>
            </param>
            <param index="1">
              <value>
                <![CDATA[Kattimani]]>
              </value>
            </param>
            <param index="2">
              <value>
                <![CDATA[591303]]>
              </value>
            </param>
            <param index="3">
              <value>
                <![CDATA[Customer added successfully]]>
              </value>
            </param>
          </params>
          <reporter-output>
          </reporter-output>
        </test-method> <!-- addCustomer -->
        <test-method is-config="true" signature="tearDown()[pri:0, instance:com.orangehrm.testcases.AddCustomerTest@773f7880]" started-at="2026-05-21T00:15:02 IST" name="tearDown" finished-at="2026-05-21T00:15:02 IST" duration-ms="183" status="PASS">
          <reporter-output>
          </reporter-output>
        </test-method> <!-- tearDown -->
        <test-method is-config="true" signature="setUp()[pri:0, instance:com.orangehrm.testcases.AddCustomerTest@773f7880]" started-at="2026-05-21T00:15:02 IST" name="setUp" finished-at="2026-05-21T00:15:04 IST" duration-ms="2317" status="PASS">
          <reporter-output>
          </reporter-output>
        </test-method> <!-- setUp -->
        <test-method signature="addCustomer(java.lang.String,java.lang.String,java.lang.String,java.lang.String)[pri:0, instance:com.orangehrm.testcases.AddCustomerTest@773f7880]" started-at="2026-05-21T00:15:04 IST" name="addCustomer" data-provider="getData" finished-at="2026-05-21T00:15:05 IST" duration-ms="772" status="PASS">
          <params>
            <param index="0">
              <value>
                <![CDATA[Charigi]]>
              </value>
            </param>
            <param index="1">
              <value>
                <![CDATA[ok]]>
              </value>
            </param>
            <param index="2">
              <value>
                <![CDATA[123456]]>
              </value>
            </param>
            <param index="3">
              <value>
                <![CDATA[Customer added successfully]]>
              </value>
            </param>
          </params>
          <reporter-output>
          </reporter-output>
        </test-method> <!-- addCustomer -->
        <test-method is-config="true" signature="tearDown()[pri:0, instance:com.orangehrm.testcases.AddCustomerTest@773f7880]" started-at="2026-05-21T00:15:05 IST" name="tearDown" finished-at="2026-05-21T00:15:05 IST" duration-ms="181" status="PASS">
          <reporter-output>
          </reporter-output>
        </test-method> <!-- tearDown -->
        <test-method is-config="true" signature="setUp()[pri:0, instance:com.orangehrm.testcases.AddCustomerTest@773f7880]" started-at="2026-05-21T00:15:05 IST" name="setUp" finished-at="2026-05-21T00:15:09 IST" duration-ms="3431" status="PASS">
          <reporter-output>
          </reporter-output>
        </test-method> <!-- setUp -->
        <test-method signature="addCustomer(java.lang.String,java.lang.String,java.lang.String,java.lang.String)[pri:0, instance:com.orangehrm.testcases.AddCustomerTest@773f7880]" started-at="2026-05-21T00:15:09 IST" name="addCustomer" data-provider="getData" finished-at="2026-05-21T00:15:10 IST" duration-ms="791" status="PASS">
          <params>
            <param index="0">
              <value>
                <![CDATA[abc]]>
              </value>
            </param>
            <param index="1">
              <value>
                <![CDATA[temp]]>
              </value>
            </param>
            <param index="2">
              <value>
                <![CDATA[abcdif]]>
              </value>
            </param>
            <param index="3">
              <value>
                <![CDATA[Customer added successfully]]>
              </value>
            </param>
          </params>
          <reporter-output>
          </reporter-output>
        </test-method> <!-- addCustomer -->
        <test-method is-config="true" signature="tearDown()[pri:0, instance:com.orangehrm.testcases.AddCustomerTest@773f7880]" started-at="2026-05-21T00:15:10 IST" name="tearDown" finished-at="2026-05-21T00:15:10 IST" duration-ms="162" status="PASS">
          <reporter-output>
          </reporter-output>
        </test-method> <!-- tearDown -->
        <test-method is-config="true" signature="setUp()[pri:0, instance:com.orangehrm.testcases.AddCustomerTest@773f7880]" started-at="2026-05-21T00:15:10 IST" name="setUp" finished-at="2026-05-21T00:15:12 IST" duration-ms="1711" status="PASS">
          <reporter-output>
          </reporter-output>
        </test-method> <!-- setUp -->
        <test-method signature="failingTest()[pri:0, instance:com.orangehrm.testcases.AddCustomerTest@773f7880]" started-at="2026-05-21T00:15:12 IST" name="failingTest" finished-at="2026-05-21T00:15:12 IST" duration-ms="1" status="FAIL">
          <exception class="java.lang.AssertionError">
            <message>
              <![CDATA[Good Bye]]>
            </message>
            <full-stacktrace>
              <![CDATA[java.lang.AssertionError: Good Bye
at org.testng.Assert.fail(Assert.java:111)
at com.orangehrm.testcases.AddCustomerTest.failingTest(AddCustomerTest.java:30)
at java.base/jdk.internal.reflect.DirectMethodHandleAccessor.invoke(DirectMethodHandleAccessor.java:103)
at java.base/java.lang.reflect.Method.invoke(Method.java:580)
at org.testng.internal.invokers.MethodInvocationHelper.invokeMethod(MethodInvocationHelper.java:141)
at org.testng.internal.invokers.TestInvoker.invokeMethod(TestInvoker.java:697)
at org.testng.internal.invokers.TestInvoker.invokeTestMethod(TestInvoker.java:230)
at org.testng.internal.invokers.MethodRunner.runInSequence(MethodRunner.java:63)
at org.testng.internal.invokers.TestInvoker$MethodInvocationAgent.invoke(TestInvoker.java:1005)
at org.testng.internal.invokers.TestInvoker.invokeTestMethods(TestInvoker.java:203)
at org.testng.internal.invokers.TestMethodWorker.invokeTestMethods(TestMethodWorker.java:154)
at org.testng.internal.invokers.TestMethodWorker.run(TestMethodWorker.java:134)
at java.base/java.util.ArrayList.forEach(ArrayList.java:1596)
at org.testng.TestRunner.privateRun(TestRunner.java:744)
at org.testng.TestRunner.run(TestRunner.java:616)
at org.testng.SuiteRunner.runTest(SuiteRunner.java:421)
at org.testng.SuiteRunner.runSequentially(SuiteRunner.java:413)
at org.testng.SuiteRunner.privateRun(SuiteRunner.java:373)
at org.testng.SuiteRunner.run(SuiteRunner.java:312)
at org.testng.SuiteRunnerWorker.runSuite(SuiteRunnerWorker.java:52)
at org.testng.SuiteRunnerWorker.run(SuiteRunnerWorker.java:95)
at org.testng.TestNG.runSuitesSequentially(TestNG.java:1274)
at org.testng.TestNG.runSuitesLocally(TestNG.java:1208)
at org.testng.TestNG.runSuites(TestNG.java:1112)
at org.testng.TestNG.run(TestNG.java:1079)
at com.intellij.rt.testng.IDEARemoteTestNG.run(IDEARemoteTestNG.java:65)
at com.intellij.rt.testng.RemoteTestNGStarter.main(RemoteTestNGStarter.java:105)
]]>
            </full-stacktrace>
          </exception> <!-- java.lang.AssertionError -->
          <reporter-output>
            <line>
              <![CDATA[Capturing Screenshot]]>
            </line>
            <line>
              <![CDATA[<a target='_blank' href="C:\Users\vinay\OneDrive\Pictures\Screenshots\abcd.png">Screenshot</a>]]>
            </line>
          </reporter-output>
        </test-method> <!-- failingTest -->
        <test-method is-config="true" signature="tearDown()[pri:0, instance:com.orangehrm.testcases.AddCustomerTest@773f7880]" started-at="2026-05-21T00:15:12 IST" name="tearDown" finished-at="2026-05-21T00:15:12 IST" duration-ms="174" status="PASS">
          <reporter-output>
          </reporter-output>
        </test-method> <!-- tearDown -->
      </class> <!-- com.orangehrm.testcases.AddCustomerTest -->
    </test> <!-- Manager Login Tests -->
  </suite> <!--  Data Driven OrangeHRM Suite -->
</testng-results>
