<?xml version="1.0" encoding="UTF-8"?>
<!-- Generated by org.testng.reporters.JUnitReportReporter -->
<testsuite hostname="Vinayak" failures="1" tests="4" name="com.orangehrm.testcases.AddCustomerTest" time="12.819" errors="0" timestamp="2026-05-21T00:15:12 IST" skipped="0">
  <testcase classname="com.orangehrm.testcases.AddCustomerTest" name="failingTest" time="2.499">
    <failure message="Good Bye" type="java.lang.AssertionError">
      <![CDATA[java.lang.AssertionError: Good Bye
at org.testng.Assert.fail(Assert.java:111)
at com.orangehrm.testcases.AddCustomerTest.failingTest(AddCustomerTest.java:30)
at java.base/jdk.internal.reflect.DirectMethodHandleAccessor.invoke(DirectMethodHandleAccessor.java:103)
at java.base/java.lang.reflect.Method.invoke(Method.java:580)
at org.testng.internal.invokers.MethodInvocationHelper.invokeMethod(MethodInvocationHelper.java:141)
at org.testng.internal.invokers.TestInvoker.invokeMethod(TestInvoker.java:697)
at org.testng.internal.invokers.TestInvoker.invokeTestMethod(TestInvoker.java:230)
at org.testng.internal.invokers.MethodRunner.runInSequence(MethodRunner.java:63)
at org.testng.internal.invokers.TestInvoker$MethodInvocationAgent.invoke(TestInvoker.java:1005)
at org.testng.internal.invokers.TestInvoker.invokeTestMethods(TestInvoker.java:203)
at org.testng.internal.invokers.TestMethodWorker.invokeTestMethods(TestMethodWorker.java:154)
at org.testng.internal.invokers.TestMethodWorker.run(TestMethodWorker.java:134)
at java.base/java.util.ArrayList.forEach(ArrayList.java:1596)
at org.testng.TestRunner.privateRun(TestRunner.java:744)
at org.testng.TestRunner.run(TestRunner.java:616)
at org.testng.SuiteRunner.runTest(SuiteRunner.java:421)
at org.testng.SuiteRunner.runSequentially(SuiteRunner.java:413)
at org.testng.SuiteRunner.privateRun(SuiteRunner.java:373)
at org.testng.SuiteRunner.run(SuiteRunner.java:312)
at org.testng.SuiteRunnerWorker.runSuite(SuiteRunnerWorker.java:52)
at org.testng.SuiteRunnerWorker.run(SuiteRunnerWorker.java:95)
at org.testng.TestNG.runSuitesSequentially(TestNG.java:1274)
at org.testng.TestNG.runSuitesLocally(TestNG.java:1208)
at org.testng.TestNG.runSuites(TestNG.java:1112)
at org.testng.TestNG.run(TestNG.java:1079)
at com.intellij.rt.testng.IDEARemoteTestNG.run(IDEARemoteTestNG.java:65)
at com.intellij.rt.testng.RemoteTestNGStarter.main(RemoteTestNGStarter.java:105)
]]>
    </failure>
    <system-out>
      <![CDATA[Capturing Screenshot
<a target='_blank' href="C:\Users\vinay\OneDrive\Pictures\Screenshots\abcd.png">Screenshot</a>]]>
    </system-out>
  </testcase> <!-- failingTest -->
  <testcase classname="com.orangehrm.testcases.AddCustomerTest" name="addCustomer" time="4.650"/>
  <testcase classname="com.orangehrm.testcases.AddCustomerTest" name="addCustomer" time="2.664"/>
  <testcase classname="com.orangehrm.testcases.AddCustomerTest" name="addCustomer" time="3.006"/>
  <system-out>
    <![CDATA[Capturing Screenshot
<a target='_blank' href="C:\Users\vinay\OneDrive\Pictures\Screenshots\abcd.png">Screenshot</a>]]>
  </system-out>
</testsuite> <!-- com.orangehrm.testcases.AddCustomerTest -->
