<?xml version="1.0" encoding="UTF-8"?>
<!-- Generated by org.testng.reporters.JUnitReportReporter -->
<testsuite hostname="Vinayak" failures="0" tests="1" name="com.orangehrm.testcases.LoginTest" time="3.568" errors="0" timestamp="2026-05-21T00:15:12 IST" skipped="0">
  <testcase classname="com.orangehrm.testcases.LoginTest" name="loginBankManager" time="3.568"/>
  <system-out>
    <![CDATA[Capturing Screenshot
<a target='_blank' href="C:\Users\vinay\OneDrive\Pictures\Screenshots\abcd.png">Screenshot</a>]]>
  </system-out>
</testsuite> <!-- com.orangehrm.testcases.LoginTest -->
